<?xml version="1.0" encoding="UTF-8"?>
<!DOCTYPE properties SYSTEM "http://java.sun.com/dtd/properties.dtd">

<properties>
	<comment>test-query.xml file</comment>
	
	<!-- TB_TEST 테이블 INSERT SQL -->
	<entry key="insert">
		INSERT INTO TB_TEST
		VALUES(?, ?, ?)
	</entry>
	
	
	<!-- TB_TEST 테이블 UPDATE SQL -->
	<entry key="update">
		UPDATE TB_TEST
		SET TEST_TITLE = ?, TEST_CONTENT = ?
		WHERE TEST_NO = ?
	</entry>
	
	
	<!-- TB_TEST 테이블 DELETE SQL -->
	<entry key="delete">
		DELETE TB_TEST
		WHERE TEST_NO = ?
	</entry>
	
	
	<!-- TB_TEST 테이블 SELECT SQL -->
	<entry key="select">
		SELECT * FROM TB_TEST
	</entry>
	
	
	
</properties>
